<?xml version="1.0" encoding="UTF-8"?>
<!-- Generated by org.testng.reporters.JUnitXMLReporter -->
<testsuite ignored="0" hostname="Les-MacBook-Pro.local" failures="0" tests="2" name="Co Mem on Chrome" time="12.254" errors="0" timestamp="2026-04-12T21:22:40 GMT+07:00">
  <testcase classname="comem.authentication.LoginTests" name="verifyNegativeCaseLogIn" time="0.012"/>
  <testcase classname="comem.authentication.LoginTests" name="verifyPositiveCaseLogIn" time="9.423"/>
</testsuite> <!-- Co Mem on Chrome -->
