<?xml version="1.0" encoding="UTF-8"?>
<!-- Generated by org.testng.reporters.JUnitXMLReporter -->
<testsuite ignored="0" hostname="Les-MacBook-Pro.local" failures="0" tests="2" name="Co Mem on Chrome" time="7.704" errors="0" timestamp="2026-04-13T09:32:40 GMT+07:00">
  <testcase classname="comem.authentication.LoginTests" name="verifyNegativeCaseLogIn" time="0.012"/>
  <testcase classname="comem.authentication.LoginTests" name="verifyPositiveCaseLogIn" time="4.005"/>
</testsuite> <!-- Co Mem on Chrome -->
