<?xml version="1.0" encoding="UTF-8"?>
<testsuite xmlns:xsi="http://www.w3.org/2001/XMLSchema-instance" xsi:noNamespaceSchemaLocation="https://maven.apache.org/surefire/maven-surefire-plugin/xsd/surefire-test-report-3.0.xsd" version="3.0" name="TestSuite" time="8.096" tests="2" errors="0" skipped="0" failures="0">
  <properties>
[...]
</properties>
  <testcase name="verifyNegativeCaseLogIn" classname="comem.authentication.LoginTests" time="0.043">
    <system-err><![CDATA[Apr 13, 2026 9:32:33 AM org.openqa.selenium.devtools.CdpVersionFinder findNearestMatch
WARNING: Unable to find CDP implementation matching 147
Apr 13, 2026 9:32:33 AM org.openqa.selenium.chromium.ChromiumDriver lambda$new$4
WARNING: Unable to find version of CDP to use for 147.0.7727.56. You may need to include a dependency on a specific version of the CDP using something similar to `org.seleniumhq.selenium:selenium-devtools-v86:4.30.0` where the version ("v86") matches the version of the chromium-based browser you're using and the version number of the artifact is the same as Selenium's.
]]></system-err>
  </testcase>
  <testcase name="verifyPositiveCaseLogIn" classname="comem.authentication.LoginTests" time="4.006">
    <system-out><![CDATA[🎦  &amp#27;[1;36m09:32:40 AM  &amp#27;[m [main]    ✅       assertionsPass.LoginTests                          |   &amp#27;[1;32m[Actual: datle.testing01@gmail.com] and [Expected: datle.testing01@gmail.com] ====> PASS
&amp#27;[m🎦  &amp#27;[1;36m09:32:40 AM  &amp#27;[m [main]    ✅       assertionsPass.LoginTests                          |   &amp#27;[1;32m[Actual: Lê Châu Sỷ Đạt] and [Expected: Lê Châu Sỷ Đạt] ====> PASS
&amp#27;[m]]></system-out>
  </testcase>
</testsuite>