<?xml version="1.0" encoding="UTF-8"?>
<!-- Generated by org.testng.reporters.JUnitReportReporter -->
<testsuite hostname="Les-MacBook-Pro.local" failures="0" tests="2" name="comem.authentication.LoginTests" time="9.435" errors="0" timestamp="2026-04-12T21:22:40 GMT+07:00" skipped="0">
  <testcase classname="comem.authentication.LoginTests" name="verifyPositiveCaseLogIn" time="9.423"/>
  <testcase classname="comem.authentication.LoginTests" name="verifyNegativeCaseLogIn" time="0.012"/>
</testsuite> <!-- comem.authentication.LoginTests -->
