<?xml version="1.0" encoding="UTF-8"?>
<!-- Generated by org.testng.reporters.JUnitReportReporter -->
<testsuite hostname="Les-MacBook-Pro.local" failures="0" tests="2" name="comem.authentication.LoginTests" time="4.017" errors="0" timestamp="2026-04-13T09:32:40 GMT+07:00" skipped="0">
  <testcase classname="comem.authentication.LoginTests" name="verifyPositiveCaseLogIn" time="4.005"/>
  <testcase classname="comem.authentication.LoginTests" name="verifyNegativeCaseLogIn" time="0.012"/>
</testsuite> <!-- comem.authentication.LoginTests -->
